<?xml version="1.0" encoding="UTF-8"?>
<testsuite xmlns:xsi="http://www.w3.org/2001/XMLSchema-instance" xsi:noNamespaceSchemaLocation="https://maven.apache.org/surefire/maven-surefire-plugin/xsd/surefire-test-report-3.0.xsd" version="3.0" name="CoreModuleTest" time="0.105" tests="9" errors="0" skipped="0" failures="0">
  <properties>
[...]
</properties>
  <testcase name="testPlayerSorting" classname="CoreModuleTest" time="0.017"/>
  <testcase name="testCoreModuleInitialization" classname="CoreModuleTest" time="0.0"/>
  <testcase name="testDisplayDetailedResultsValidEvent" classname="CoreModuleTest" time="0.004"/>
  <testcase name="testDisplayDetailedResultsInvalidEvent" classname="CoreModuleTest" time="0.0"/>
  <testcase name="testDisplayFinalResultsInvalidEvent" classname="CoreModuleTest" time="0.0"/>
  <testcase name="testDisplayAllPlayersInfo" classname="CoreModuleTest" time="0.004"/>
  <testcase name="testOutputFormat" classname="CoreModuleTest" time="0.004"/>
  <testcase name="testFileAppend" classname="CoreModuleTest" time="0.004"/>
  <testcase name="testDisplayFinalResultsValidEvent" classname="CoreModuleTest" time="0.002"/>
</testsuite>