<?xml version="1.0" encoding="UTF-8"?>
<testsuite xmlns:xsi="http://www.w3.org/2001/XMLSchema-instance" xsi:noNamespaceSchemaLocation="https://maven.apache.org/surefire/maven-surefire-plugin/xsd/surefire-test-report-3.0.xsd" version="3.0" name="CoreTest" time="0.162" tests="3" errors="0" skipped="0" failures="0">
  <properties>
[...]
</properties>
  <testcase name="parserResultDetail" classname="CoreTest" time="0.135"/>
  <testcase name="parserPlayerInfo" classname="CoreTest" time="0.006"/>
  <testcase name="parserResult" classname="CoreTest" time="0.005"/>
</testsuite>